CRITICAL - 2022-01-25 07:02:16 --> Class "CodeIgniter\Database\MySQL\Connection" not found
#0 C:\xampp\htdocs\5mb\system\Database\Database.php(56): CodeIgniter\Database\Database->initDriver('MySQL', 'CodeIgniter\\Dat...', Array)
#1 C:\xampp\htdocs\5mb\system\Database\Config.php(78): CodeIgniter\Database\Database->load(Array, 'default')
#2 C:\xampp\htdocs\5mb\system\Common.php(312): CodeIgniter\Database\Config::connect('default', true)
#3 C:\xampp\htdocs\5mb\app\Controllers\Home.php(9): db_connect()
#4 C:\xampp\htdocs\5mb\system\CodeIgniter.php(825): App\Controllers\Home->index()
#5 C:\xampp\htdocs\5mb\system\CodeIgniter.php(412): CodeIgniter\CodeIgniter->runController(Object(App\Controllers\Home))
#6 C:\xampp\htdocs\5mb\system\CodeIgniter.php(320): CodeIgniter\CodeIgniter->handleRequest(NULL, Object(Config\Cache), false)
#7 C:\xampp\htdocs\5mb\public\index.php(37): CodeIgniter\CodeIgniter->run()
#8 {main}
CRITICAL - 2022-01-25 07:02:17 --> Class "CodeIgniter\Database\MySQL\Connection" not found
#0 C:\xampp\htdocs\5mb\system\Database\Database.php(56): CodeIgniter\Database\Database->initDriver('MySQL', 'CodeIgniter\\Dat...', Array)
#1 C:\xampp\htdocs\5mb\system\Database\Config.php(78): CodeIgniter\Database\Database->load(Array, 'default')
#2 C:\xampp\htdocs\5mb\system\Common.php(312): CodeIgniter\Database\Config::connect('default', true)
#3 C:\xampp\htdocs\5mb\app\Controllers\Home.php(9): db_connect()
#4 C:\xampp\htdocs\5mb\system\CodeIgniter.php(825): App\Controllers\Home->index()
#5 C:\xampp\htdocs\5mb\system\CodeIgniter.php(412): CodeIgniter\CodeIgniter->runController(Object(App\Controllers\Home))
#6 C:\xampp\htdocs\5mb\system\CodeIgniter.php(320): CodeIgniter\CodeIgniter->handleRequest(NULL, Object(Config\Cache), false)
#7 C:\xampp\htdocs\5mb\public\index.php(37): CodeIgniter\CodeIgniter->run()
#8 {main}
CRITICAL - 2022-01-25 07:02:18 --> Class "CodeIgniter\Database\MySQL\Connection" not found
#0 C:\xampp\htdocs\5mb\system\Database\Database.php(56): CodeIgniter\Database\Database->initDriver('MySQL', 'CodeIgniter\\Dat...', Array)
#1 C:\xampp\htdocs\5mb\system\Database\Config.php(78): CodeIgniter\Database\Database->load(Array, 'default')
#2 C:\xampp\htdocs\5mb\system\Common.php(312): CodeIgniter\Database\Config::connect('default', true)
#3 C:\xampp\htdocs\5mb\app\Controllers\Home.php(9): db_connect()
#4 C:\xampp\htdocs\5mb\system\CodeIgniter.php(825): App\Controllers\Home->index()
#5 C:\xampp\htdocs\5mb\system\CodeIgniter.php(412): CodeIgniter\CodeIgniter->runController(Object(App\Controllers\Home))
#6 C:\xampp\htdocs\5mb\system\CodeIgniter.php(320): CodeIgniter\CodeIgniter->handleRequest(NULL, Object(Config\Cache), false)
#7 C:\xampp\htdocs\5mb\public\index.php(37): CodeIgniter\CodeIgniter->run()
#8 {main}
CRITICAL - 2022-01-25 07:02:21 --> Class "CodeIgniter\Database\MySQL\Connection" not found
#0 C:\xampp\htdocs\5mb\system\Database\Database.php(56): CodeIgniter\Database\Database->initDriver('MySQL', 'CodeIgniter\\Dat...', Array)
#1 C:\xampp\htdocs\5mb\system\Database\Config.php(78): CodeIgniter\Database\Database->load(Array, 'default')
#2 C:\xampp\htdocs\5mb\system\Common.php(312): CodeIgniter\Database\Config::connect('default', true)
#3 C:\xampp\htdocs\5mb\app\Controllers\Home.php(9): db_connect()
#4 C:\xampp\htdocs\5mb\system\CodeIgniter.php(825): App\Controllers\Home->index()
#5 C:\xampp\htdocs\5mb\system\CodeIgniter.php(412): CodeIgniter\CodeIgniter->runController(Object(App\Controllers\Home))
#6 C:\xampp\htdocs\5mb\system\CodeIgniter.php(320): CodeIgniter\CodeIgniter->handleRequest(NULL, Object(Config\Cache), false)
#7 C:\xampp\htdocs\5mb\public\index.php(37): CodeIgniter\CodeIgniter->run()
#8 {main}
CRITICAL - 2022-01-25 07:02:26 --> Class "CodeIgniter\Database\MySQL\Connection" not found
#0 C:\xampp\htdocs\5mb\system\Database\Database.php(56): CodeIgniter\Database\Database->initDriver('MySQL', 'CodeIgniter\\Dat...', Array)
#1 C:\xampp\htdocs\5mb\system\Database\Config.php(78): CodeIgniter\Database\Database->load(Array, 'default')
#2 C:\xampp\htdocs\5mb\system\Common.php(312): CodeIgniter\Database\Config::connect('default', true)
#3 C:\xampp\htdocs\5mb\app\Controllers\Home.php(9): db_connect()
#4 C:\xampp\htdocs\5mb\system\CodeIgniter.php(825): App\Controllers\Home->index()
#5 C:\xampp\htdocs\5mb\system\CodeIgniter.php(412): CodeIgniter\CodeIgniter->runController(Object(App\Controllers\Home))
#6 C:\xampp\htdocs\5mb\system\CodeIgniter.php(320): CodeIgniter\CodeIgniter->handleRequest(NULL, Object(Config\Cache), false)
#7 C:\xampp\htdocs\5mb\public\index.php(37): CodeIgniter\CodeIgniter->run()
#8 {main}
CRITICAL - 2022-01-25 07:03:24 --> Class "CodeIgniter\Database\MySQL\Connection" not found
#0 C:\xampp\htdocs\5mb\system\Database\Database.php(56): CodeIgniter\Database\Database->initDriver('MySQL', 'CodeIgniter\\Dat...', Array)
#1 C:\xampp\htdocs\5mb\system\Database\Config.php(78): CodeIgniter\Database\Database->load(Array, 'default')
#2 C:\xampp\htdocs\5mb\system\Common.php(312): CodeIgniter\Database\Config::connect('default', true)
#3 C:\xampp\htdocs\5mb\app\Controllers\Home.php(9): db_connect()
#4 C:\xampp\htdocs\5mb\system\CodeIgniter.php(825): App\Controllers\Home->index()
#5 C:\xampp\htdocs\5mb\system\CodeIgniter.php(412): CodeIgniter\CodeIgniter->runController(Object(App\Controllers\Home))
#6 C:\xampp\htdocs\5mb\system\CodeIgniter.php(320): CodeIgniter\CodeIgniter->handleRequest(NULL, Object(Config\Cache), false)
#7 C:\xampp\htdocs\5mb\public\index.php(37): CodeIgniter\CodeIgniter->run()
#8 {main}
CRITICAL - 2022-01-25 07:03:25 --> Class "CodeIgniter\Database\MySQL\Connection" not found
#0 C:\xampp\htdocs\5mb\system\Database\Database.php(56): CodeIgniter\Database\Database->initDriver('MySQL', 'CodeIgniter\\Dat...', Array)
#1 C:\xampp\htdocs\5mb\system\Database\Config.php(78): CodeIgniter\Database\Database->load(Array, 'default')
#2 C:\xampp\htdocs\5mb\system\Common.php(312): CodeIgniter\Database\Config::connect('default', true)
#3 C:\xampp\htdocs\5mb\app\Controllers\Home.php(9): db_connect()
#4 C:\xampp\htdocs\5mb\system\CodeIgniter.php(825): App\Controllers\Home->index()
#5 C:\xampp\htdocs\5mb\system\CodeIgniter.php(412): CodeIgniter\CodeIgniter->runController(Object(App\Controllers\Home))
#6 C:\xampp\htdocs\5mb\system\CodeIgniter.php(320): CodeIgniter\CodeIgniter->handleRequest(NULL, Object(Config\Cache), false)
#7 C:\xampp\htdocs\5mb\public\index.php(37): CodeIgniter\CodeIgniter->run()
#8 {main}
CRITICAL - 2022-01-25 07:03:26 --> Class "CodeIgniter\Database\MySQL\Connection" not found
#0 C:\xampp\htdocs\5mb\system\Database\Database.php(56): CodeIgniter\Database\Database->initDriver('MySQL', 'CodeIgniter\\Dat...', Array)
#1 C:\xampp\htdocs\5mb\system\Database\Config.php(78): CodeIgniter\Database\Database->load(Array, 'default')
#2 C:\xampp\htdocs\5mb\system\Common.php(312): CodeIgniter\Database\Config::connect('default', true)
#3 C:\xampp\htdocs\5mb\app\Controllers\Home.php(9): db_connect()
#4 C:\xampp\htdocs\5mb\system\CodeIgniter.php(825): App\Controllers\Home->index()
#5 C:\xampp\htdocs\5mb\system\CodeIgniter.php(412): CodeIgniter\CodeIgniter->runController(Object(App\Controllers\Home))
#6 C:\xampp\htdocs\5mb\system\CodeIgniter.php(320): CodeIgniter\CodeIgniter->handleRequest(NULL, Object(Config\Cache), false)
#7 C:\xampp\htdocs\5mb\public\index.php(37): CodeIgniter\CodeIgniter->run()
#8 {main}
CRITICAL - 2022-01-25 07:03:28 --> Class "CodeIgniter\Database\MySQL\Connection" not found
#0 C:\xampp\htdocs\5mb\system\Database\Database.php(56): CodeIgniter\Database\Database->initDriver('MySQL', 'CodeIgniter\\Dat...', Array)
#1 C:\xampp\htdocs\5mb\system\Database\Config.php(78): CodeIgniter\Database\Database->load(Array, 'default')
#2 C:\xampp\htdocs\5mb\system\Common.php(312): CodeIgniter\Database\Config::connect('default', true)
#3 C:\xampp\htdocs\5mb\app\Controllers\Home.php(9): db_connect()
#4 C:\xampp\htdocs\5mb\system\CodeIgniter.php(825): App\Controllers\Home->index()
#5 C:\xampp\htdocs\5mb\system\CodeIgniter.php(412): CodeIgniter\CodeIgniter->runController(Object(App\Controllers\Home))
#6 C:\xampp\htdocs\5mb\system\CodeIgniter.php(320): CodeIgniter\CodeIgniter->handleRequest(NULL, Object(Config\Cache), false)
#7 C:\xampp\htdocs\5mb\public\index.php(37): CodeIgniter\CodeIgniter->run()
#8 {main}
CRITICAL - 2022-01-25 07:03:29 --> Class "CodeIgniter\Database\MySQL\Connection" not found
#0 C:\xampp\htdocs\5mb\system\Database\Database.php(56): CodeIgniter\Database\Database->initDriver('MySQL', 'CodeIgniter\\Dat...', Array)
#1 C:\xampp\htdocs\5mb\system\Database\Config.php(78): CodeIgniter\Database\Database->load(Array, 'default')
#2 C:\xampp\htdocs\5mb\system\Common.php(312): CodeIgniter\Database\Config::connect('default', true)
#3 C:\xampp\htdocs\5mb\app\Controllers\Home.php(9): db_connect()
#4 C:\xampp\htdocs\5mb\system\CodeIgniter.php(825): App\Controllers\Home->index()
#5 C:\xampp\htdocs\5mb\system\CodeIgniter.php(412): CodeIgniter\CodeIgniter->runController(Object(App\Controllers\Home))
#6 C:\xampp\htdocs\5mb\system\CodeIgniter.php(320): CodeIgniter\CodeIgniter->handleRequest(NULL, Object(Config\Cache), false)
#7 C:\xampp\htdocs\5mb\public\index.php(37): CodeIgniter\CodeIgniter->run()
#8 {main}
CRITICAL - 2022-01-25 07:03:30 --> Class "CodeIgniter\Database\MySQL\Connection" not found
#0 C:\xampp\htdocs\5mb\system\Database\Database.php(56): CodeIgniter\Database\Database->initDriver('MySQL', 'CodeIgniter\\Dat...', Array)
#1 C:\xampp\htdocs\5mb\system\Database\Config.php(78): CodeIgniter\Database\Database->load(Array, 'default')
#2 C:\xampp\htdocs\5mb\system\Common.php(312): CodeIgniter\Database\Config::connect('default', true)
#3 C:\xampp\htdocs\5mb\app\Controllers\Home.php(9): db_connect()
#4 C:\xampp\htdocs\5mb\system\CodeIgniter.php(825): App\Controllers\Home->index()
#5 C:\xampp\htdocs\5mb\system\CodeIgniter.php(412): CodeIgniter\CodeIgniter->runController(Object(App\Controllers\Home))
#6 C:\xampp\htdocs\5mb\system\CodeIgniter.php(320): CodeIgniter\CodeIgniter->handleRequest(NULL, Object(Config\Cache), false)
#7 C:\xampp\htdocs\5mb\public\index.php(37): CodeIgniter\CodeIgniter->run()
#8 {main}
CRITICAL - 2022-01-25 07:03:55 --> Class "CodeIgniter\Database\MySQL\Connection" not found
#0 C:\xampp\htdocs\5mb\system\Database\Database.php(56): CodeIgniter\Database\Database->initDriver('MySQL', 'CodeIgniter\\Dat...', Array)
#1 C:\xampp\htdocs\5mb\system\Database\Config.php(78): CodeIgniter\Database\Database->load(Array, 'default')
#2 C:\xampp\htdocs\5mb\system\Common.php(312): CodeIgniter\Database\Config::connect('default', true)
#3 C:\xampp\htdocs\5mb\app\Controllers\Home.php(9): db_connect()
#4 C:\xampp\htdocs\5mb\system\CodeIgniter.php(825): App\Controllers\Home->index()
#5 C:\xampp\htdocs\5mb\system\CodeIgniter.php(412): CodeIgniter\CodeIgniter->runController(Object(App\Controllers\Home))
#6 C:\xampp\htdocs\5mb\system\CodeIgniter.php(320): CodeIgniter\CodeIgniter->handleRequest(NULL, Object(Config\Cache), false)
#7 C:\xampp\htdocs\5mb\public\index.php(37): CodeIgniter\CodeIgniter->run()
#8 {main}
CRITICAL - 2022-01-25 07:03:57 --> Class "CodeIgniter\Database\MySQL\Connection" not found
#0 C:\xampp\htdocs\5mb\system\Database\Database.php(56): CodeIgniter\Database\Database->initDriver('MySQL', 'CodeIgniter\\Dat...', Array)
#1 C:\xampp\htdocs\5mb\system\Database\Config.php(78): CodeIgniter\Database\Database->load(Array, 'default')
#2 C:\xampp\htdocs\5mb\system\Common.php(312): CodeIgniter\Database\Config::connect('default', true)
#3 C:\xampp\htdocs\5mb\app\Controllers\Home.php(9): db_connect()
#4 C:\xampp\htdocs\5mb\system\CodeIgniter.php(825): App\Controllers\Home->index()
#5 C:\xampp\htdocs\5mb\system\CodeIgniter.php(412): CodeIgniter\CodeIgniter->runController(Object(App\Controllers\Home))
#6 C:\xampp\htdocs\5mb\system\CodeIgniter.php(320): CodeIgniter\CodeIgniter->handleRequest(NULL, Object(Config\Cache), false)
#7 C:\xampp\htdocs\5mb\public\index.php(37): CodeIgniter\CodeIgniter->run()
#8 {main}
CRITICAL - 2022-01-25 07:06:41 --> Class "CodeIgniter\Database\MySQL\Connection" not found
#0 C:\xampp\htdocs\5mb\system\Database\Database.php(56): CodeIgniter\Database\Database->initDriver('MySQL', 'CodeIgniter\\Dat...', Array)
#1 C:\xampp\htdocs\5mb\system\Database\Config.php(78): CodeIgniter\Database\Database->load(Array, 'default')
#2 C:\xampp\htdocs\5mb\system\Common.php(312): CodeIgniter\Database\Config::connect('default', true)
#3 C:\xampp\htdocs\5mb\app\Controllers\Home.php(9): db_connect()
#4 C:\xampp\htdocs\5mb\system\CodeIgniter.php(825): App\Controllers\Home->index()
#5 C:\xampp\htdocs\5mb\system\CodeIgniter.php(412): CodeIgniter\CodeIgniter->runController(Object(App\Controllers\Home))
#6 C:\xampp\htdocs\5mb\system\CodeIgniter.php(320): CodeIgniter\CodeIgniter->handleRequest(NULL, Object(Config\Cache), false)
#7 C:\xampp\htdocs\5mb\public\index.php(37): CodeIgniter\CodeIgniter->run()
#8 {main}
CRITICAL - 2022-01-25 07:08:03 --> Invalid file: index.php
#0 C:\xampp\htdocs\5mb\system\View\View.php(198): CodeIgniter\Exceptions\FrameworkException::forInvalidFile('index.php')
#1 C:\xampp\htdocs\5mb\system\Common.php(1089): CodeIgniter\View\View->render('index', Array, true)
#2 C:\xampp\htdocs\5mb\app\Controllers\Home.php(18): view('index')
#3 C:\xampp\htdocs\5mb\system\CodeIgniter.php(825): App\Controllers\Home->index()
#4 C:\xampp\htdocs\5mb\system\CodeIgniter.php(412): CodeIgniter\CodeIgniter->runController(Object(App\Controllers\Home))
#5 C:\xampp\htdocs\5mb\system\CodeIgniter.php(320): CodeIgniter\CodeIgniter->handleRequest(NULL, Object(Config\Cache), false)
#6 C:\xampp\htdocs\5mb\public\index.php(37): CodeIgniter\CodeIgniter->run()
#7 {main}
CRITICAL - 2022-01-25 07:09:44 --> Invalid file: index.php
#0 C:\xampp\htdocs\5mb\system\View\View.php(198): CodeIgniter\Exceptions\FrameworkException::forInvalidFile('index.php')
#1 C:\xampp\htdocs\5mb\system\Common.php(1089): CodeIgniter\View\View->render('index', Array, true)
#2 C:\xampp\htdocs\5mb\app\Controllers\Home.php(18): view('index')
#3 C:\xampp\htdocs\5mb\system\CodeIgniter.php(825): App\Controllers\Home->index()
#4 C:\xampp\htdocs\5mb\system\CodeIgniter.php(412): CodeIgniter\CodeIgniter->runController(Object(App\Controllers\Home))
#5 C:\xampp\htdocs\5mb\system\CodeIgniter.php(320): CodeIgniter\CodeIgniter->handleRequest(NULL, Object(Config\Cache), false)
#6 C:\xampp\htdocs\5mb\public\index.php(37): CodeIgniter\CodeIgniter->run()
#7 {main}
CRITICAL - 2022-01-25 07:09:54 --> Invalid file: index.php
#0 C:\xampp\htdocs\5mb\system\View\View.php(198): CodeIgniter\Exceptions\FrameworkException::forInvalidFile('index.php')
#1 C:\xampp\htdocs\5mb\system\Common.php(1089): CodeIgniter\View\View->render('index', Array, true)
#2 C:\xampp\htdocs\5mb\app\Controllers\Home.php(18): view('index')
#3 C:\xampp\htdocs\5mb\system\CodeIgniter.php(825): App\Controllers\Home->index()
#4 C:\xampp\htdocs\5mb\system\CodeIgniter.php(412): CodeIgniter\CodeIgniter->runController(Object(App\Controllers\Home))
#5 C:\xampp\htdocs\5mb\system\CodeIgniter.php(320): CodeIgniter\CodeIgniter->handleRequest(NULL, Object(Config\Cache), false)
#6 C:\xampp\htdocs\5mb\public\index.php(37): CodeIgniter\CodeIgniter->run()
#7 {main}
CRITICAL - 2022-01-25 07:10:39 --> syntax error, unexpected token "return"
#0 C:\xampp\htdocs\5mb\system\Autoloader\Autoloader.php(241): CodeIgniter\Autoloader\Autoloader->includeFile('C:\\xampp\\htdocs...')
#1 C:\xampp\htdocs\5mb\system\Autoloader\Autoloader.php(219): CodeIgniter\Autoloader\Autoloader->loadInNamespace('App\\Controllers...')
#2 [internal function]: CodeIgniter\Autoloader\Autoloader->loadClass('App\\Controllers...')
#3 C:\xampp\htdocs\5mb\system\CodeIgniter.php(790): class_exists('\\App\\Controller...', true)
#4 C:\xampp\htdocs\5mb\system\CodeIgniter.php(399): CodeIgniter\CodeIgniter->startController()
#5 C:\xampp\htdocs\5mb\system\CodeIgniter.php(320): CodeIgniter\CodeIgniter->handleRequest(NULL, Object(Config\Cache), false)
#6 C:\xampp\htdocs\5mb\public\index.php(37): CodeIgniter\CodeIgniter->run()
#7 {main}
CRITICAL - 2022-01-25 07:10:41 --> syntax error, unexpected token "return"
#0 C:\xampp\htdocs\5mb\system\Autoloader\Autoloader.php(241): CodeIgniter\Autoloader\Autoloader->includeFile('C:\\xampp\\htdocs...')
#1 C:\xampp\htdocs\5mb\system\Autoloader\Autoloader.php(219): CodeIgniter\Autoloader\Autoloader->loadInNamespace('App\\Controllers...')
#2 [internal function]: CodeIgniter\Autoloader\Autoloader->loadClass('App\\Controllers...')
#3 C:\xampp\htdocs\5mb\system\CodeIgniter.php(790): class_exists('\\App\\Controller...', true)
#4 C:\xampp\htdocs\5mb\system\CodeIgniter.php(399): CodeIgniter\CodeIgniter->startController()
#5 C:\xampp\htdocs\5mb\system\CodeIgniter.php(320): CodeIgniter\CodeIgniter->handleRequest(NULL, Object(Config\Cache), false)
#6 C:\xampp\htdocs\5mb\public\index.php(37): CodeIgniter\CodeIgniter->run()
#7 {main}
CRITICAL - 2022-01-25 07:10:59 --> syntax error, unexpected token "return"
#0 C:\xampp\htdocs\5mb\system\Autoloader\Autoloader.php(241): CodeIgniter\Autoloader\Autoloader->includeFile('C:\\xampp\\htdocs...')
#1 C:\xampp\htdocs\5mb\system\Autoloader\Autoloader.php(219): CodeIgniter\Autoloader\Autoloader->loadInNamespace('App\\Controllers...')
#2 [internal function]: CodeIgniter\Autoloader\Autoloader->loadClass('App\\Controllers...')
#3 C:\xampp\htdocs\5mb\system\CodeIgniter.php(790): class_exists('\\App\\Controller...', true)
#4 C:\xampp\htdocs\5mb\system\CodeIgniter.php(399): CodeIgniter\CodeIgniter->startController()
#5 C:\xampp\htdocs\5mb\system\CodeIgniter.php(320): CodeIgniter\CodeIgniter->handleRequest(NULL, Object(Config\Cache), false)
#6 C:\xampp\htdocs\5mb\public\index.php(37): CodeIgniter\CodeIgniter->run()
#7 {main}
CRITICAL - 2022-01-25 07:11:00 --> syntax error, unexpected token "return"
#0 C:\xampp\htdocs\5mb\system\Autoloader\Autoloader.php(241): CodeIgniter\Autoloader\Autoloader->includeFile('C:\\xampp\\htdocs...')
#1 C:\xampp\htdocs\5mb\system\Autoloader\Autoloader.php(219): CodeIgniter\Autoloader\Autoloader->loadInNamespace('App\\Controllers...')
#2 [internal function]: CodeIgniter\Autoloader\Autoloader->loadClass('App\\Controllers...')
#3 C:\xampp\htdocs\5mb\system\CodeIgniter.php(790): class_exists('\\App\\Controller...', true)
#4 C:\xampp\htdocs\5mb\system\CodeIgniter.php(399): CodeIgniter\CodeIgniter->startController()
#5 C:\xampp\htdocs\5mb\system\CodeIgniter.php(320): CodeIgniter\CodeIgniter->handleRequest(NULL, Object(Config\Cache), false)
#6 C:\xampp\htdocs\5mb\public\index.php(37): CodeIgniter\CodeIgniter->run()
#7 {main}
CRITICAL - 2022-01-25 07:12:52 --> syntax error, unexpected token "var"
#0 C:\xampp\htdocs\5mb\system\Autoloader\Autoloader.php(241): CodeIgniter\Autoloader\Autoloader->includeFile('C:\\xampp\\htdocs...')
#1 C:\xampp\htdocs\5mb\system\Autoloader\Autoloader.php(219): CodeIgniter\Autoloader\Autoloader->loadInNamespace('App\\Controllers...')
#2 [internal function]: CodeIgniter\Autoloader\Autoloader->loadClass('App\\Controllers...')
#3 C:\xampp\htdocs\5mb\system\CodeIgniter.php(790): class_exists('\\App\\Controller...', true)
#4 C:\xampp\htdocs\5mb\system\CodeIgniter.php(399): CodeIgniter\CodeIgniter->startController()
#5 C:\xampp\htdocs\5mb\system\CodeIgniter.php(320): CodeIgniter\CodeIgniter->handleRequest(NULL, Object(Config\Cache), false)
#6 C:\xampp\htdocs\5mb\public\index.php(37): CodeIgniter\CodeIgniter->run()
#7 {main}
CRITICAL - 2022-01-25 07:14:06 --> Undefined array key "Office"
#0 C:\xampp\htdocs\5mb\app\Controllers\Home.php(16): CodeIgniter\Debug\Exceptions->errorHandler(2, 'Undefined array...', 'C:\\xampp\\htdocs...', 16)
#1 C:\xampp\htdocs\5mb\system\CodeIgniter.php(825): App\Controllers\Home->index()
#2 C:\xampp\htdocs\5mb\system\CodeIgniter.php(412): CodeIgniter\CodeIgniter->runController(Object(App\Controllers\Home))
#3 C:\xampp\htdocs\5mb\system\CodeIgniter.php(320): CodeIgniter\CodeIgniter->handleRequest(NULL, Object(Config\Cache), false)
#4 C:\xampp\htdocs\5mb\public\index.php(37): CodeIgniter\CodeIgniter->run()
#5 {main}
CRITICAL - 2022-01-25 07:15:03 --> Unsupported operand types: string + string
#0 C:\xampp\htdocs\5mb\system\CodeIgniter.php(825): App\Controllers\Home->index()
#1 C:\xampp\htdocs\5mb\system\CodeIgniter.php(412): CodeIgniter\CodeIgniter->runController(Object(App\Controllers\Home))
#2 C:\xampp\htdocs\5mb\system\CodeIgniter.php(320): CodeIgniter\CodeIgniter->handleRequest(NULL, Object(Config\Cache), false)
#3 C:\xampp\htdocs\5mb\public\index.php(37): CodeIgniter\CodeIgniter->run()
#4 {main}
CRITICAL - 2022-01-25 07:15:53 --> Unsupported operand types: string + string
#0 C:\xampp\htdocs\5mb\system\CodeIgniter.php(825): App\Controllers\Home->index()
#1 C:\xampp\htdocs\5mb\system\CodeIgniter.php(412): CodeIgniter\CodeIgniter->runController(Object(App\Controllers\Home))
#2 C:\xampp\htdocs\5mb\system\CodeIgniter.php(320): CodeIgniter\CodeIgniter->handleRequest(NULL, Object(Config\Cache), false)
#3 C:\xampp\htdocs\5mb\public\index.php(37): CodeIgniter\CodeIgniter->run()
#4 {main}
CRITICAL - 2022-01-25 07:16:16 --> Unsupported operand types: string + string
#0 C:\xampp\htdocs\5mb\system\CodeIgniter.php(825): App\Controllers\Home->index()
#1 C:\xampp\htdocs\5mb\system\CodeIgniter.php(412): CodeIgniter\CodeIgniter->runController(Object(App\Controllers\Home))
#2 C:\xampp\htdocs\5mb\system\CodeIgniter.php(320): CodeIgniter\CodeIgniter->handleRequest(NULL, Object(Config\Cache), false)
#3 C:\xampp\htdocs\5mb\public\index.php(37): CodeIgniter\CodeIgniter->run()
#4 {main}
